mpiifort -c -xHost -O2 -fPIC -o DEBUG_MODULE.o DEBUG_MODULE.f90
mpiifort -c -xHost -O2 -fPIC -o PCONTEXT_MODULE.o PCONTEXT_MODULE.f90
mpiifort -c -xHost -O2 -fPIC -o STAT_MODULE.o STAT_MODULE.f90
mpiifort -c -xHost -O2 -fPIC -o Local_arpack_util/arscnd.o Local_arpack_util/arscnd.f
mpiifort -c -xHost -O2 -fPIC -o Local_arpack_util/cmout.o Local_arpack_util/cmout.f
mpiifort -c -xHost -O2 -fPIC -o Local_arpack_util/cvout.o Local_arpack_util/cvout.f
mpiifort -c -xHost -O2 -fPIC -o Local_arpack_util/dmout.o Local_arpack_util/dmout.f
mpiifort -c -xHost -O2 -fPIC -o Local_arpack_util/dvout.o Local_arpack_util/dvout.f
mpiifort -c -xHost -O2 -fPIC -o Local_arpack_util/icnteq.o Local_arpack_util/icnteq.f
mpiifort -c -xHost -O2 -fPIC -o Local_arpack_util/icopy.o Local_arpack_util/icopy.f
mpiifort -c -xHost -O2 -fPIC -o Local_arpack_util/iset.o Local_arpack_util/iset.f
mpiifort -c -xHost -O2 -fPIC -o Local_arpack_util/iswap.o Local_arpack_util/iswap.f
mpiifort -c -xHost -O2 -fPIC -o Local_arpack_util/ivout.o Local_arpack_util/ivout.f
mpiifort -c -xHost -O2 -fPIC -o Local_arpack_util/smout.o Local_arpack_util/smout.f
mpiifort -c -xHost -O2 -fPIC -o Local_arpack_util/svout.o Local_arpack_util/svout.f
mpiifort -c -xHost -O2 -fPIC -o Local_arpack_util/zmout.o Local_arpack_util/zmout.f
mpiifort -c -xHost -O2 -fPIC -o Local_arpack_util/zvout.o Local_arpack_util/zvout.f
mpiifort -c -xHost -O2 -fPIC -o Paral_arpack_util/pcmout.o Paral_arpack_util/pcmout.f
mpiifort -c -xHost -O2 -fPIC -o Paral_arpack_util/pcvout.o Paral_arpack_util/pcvout.f
mpiifort -c -xHost -O2 -fPIC -o Paral_arpack_util/pdlamch10.o Paral_arpack_util/pdlamch10.f
mpiifort -c -xHost -O2 -fPIC -o Paral_arpack_util/pdmout.o Paral_arpack_util/pdmout.f
mpiifort -c -xHost -O2 -fPIC -o Paral_arpack_util/pdvout.o Paral_arpack_util/pdvout.f
mpiifort -c -xHost -O2 -fPIC -o Paral_arpack_util/pivout.o Paral_arpack_util/pivout.f
mpiifort -c -xHost -O2 -fPIC -o Paral_arpack_util/psmout.o Paral_arpack_util/psmout.f
mpiifort -c -xHost -O2 -fPIC -o Paral_arpack_util/psvout.o Paral_arpack_util/psvout.f
mpiifort -c -xHost -O2 -fPIC -o Paral_arpack_util/pzmout.o Paral_arpack_util/pzmout.f
mpiifort -c -xHost -O2 -fPIC -o Paral_arpack_util/pzvout.o Paral_arpack_util/pzvout.f
mpiifort -c -xHost -O2 -fPIC -o Example/Local_ARPACK_TEST_EXAMPLES.o Example/Local_ARPACK_TEST_EXAMPLES.f90
mpiifort -c -xHost -O2 -fPIC -o Example/Test_Case1.o Example/Test_Case1.f90
mpiifort -c -xHost -O2 -fPIC -o Example/Test_Case2.o Example/Test_Case2.f90
mpiifort -c -xHost -O2 -fPIC -o Example/Test_Case3.o Example/Test_Case3.f90
mpiifort -c -xHost -O2 -fPIC -o Example/Test_Case4.o Example/Test_Case4.f90
mpiifort -c -xHost -O2 -fPIC -o Example/Test_Case5.o Example/Test_Case5.f90
mpiifort -c -xHost -O2 -fPIC -o Example/Test_Case6.o Example/Test_Case6.f90
mpiifort -c -xHost -O2 -fPIC -o ARPACK_MINE.o ARPACK_MINE.f90
mpiifort -c -xHost -O2 -fPIC -o Local_arpack/zgetv0.o Local_arpack/zgetv0.f90
mpiifort -c -xHost -O2 -fPIC -o Local_arpack/znaitr.o Local_arpack/znaitr.f90
mpiifort -c -xHost -O2 -fPIC -o Local_arpack/znapps.o Local_arpack/znapps.f90
mpiifort -c -xHost -O2 -fPIC -o Local_arpack/znaup2.o Local_arpack/znaup2.f90
mpiifort -c -xHost -O2 -fPIC -o Local_arpack/znaupd.o Local_arpack/znaupd.f90
mpiifort -c -xHost -O2 -fPIC -o Local_arpack/zneigh.o Local_arpack/zneigh.f90
mpiifort -c -xHost -O2 -fPIC -o Local_arpack/zneupd.o Local_arpack/zneupd.f90
mpiifort -c -xHost -O2 -fPIC -o Local_arpack/zngets.o Local_arpack/zngets.f90
mpiifort -c -xHost -O2 -fPIC -o Local_arpack/zsortc.o Local_arpack/zsortc.f90
mpiifort -c -xHost -O2 -fPIC -o Local_arpack/zstatn.o Local_arpack/zstatn.f90
mpiifort -c -xHost -O2 -fPIC -o Paral_arpack/pcontext.o Paral_arpack/pcontext.f90
mpiifort -c -xHost -O2 -fPIC -o Paral_arpack/pdznorm2.o Paral_arpack/pdznorm2.f90
mpiifort -c -xHost -O2 -fPIC -o Paral_arpack/pzgetv0.o Paral_arpack/pzgetv0.f90
mpiifort -c -xHost -O2 -fPIC -o Paral_arpack/pzlarnv.o Paral_arpack/pzlarnv.f90
mpiifort -c -xHost -O2 -fPIC -o Paral_arpack/pznaitr.o Paral_arpack/pznaitr.f90
mpiifort -c -xHost -O2 -fPIC -o Paral_arpack/pznapps.o Paral_arpack/pznapps.f90
mpiifort -c -xHost -O2 -fPIC -o Paral_arpack/pznaup2.o Paral_arpack/pznaup2.f90
mpiifort -c -xHost -O2 -fPIC -o Paral_arpack/pznaupd.o Paral_arpack/pznaupd.f90
mpiifort -c -xHost -O2 -fPIC -o Paral_arpack/pzneigh.o Paral_arpack/pzneigh.f90
mpiifort -c -xHost -O2 -fPIC -o Paral_arpack/pzneupd.o Paral_arpack/pzneupd.f90
mpiifort -c -xHost -O2 -fPIC -o Paral_arpack/pzngets.o Paral_arpack/pzngets.f90
mpiifort -I/opt/intel/mkl/include/intel64/lp64 -I/opt/intel/mkl/include  -o ARPACK_TEST Local_arpack/zgetv0.o Local_arpack/znaitr.o Local_arpack/znapps.o Local_arpack/znaup2.o Local_arpack/znaupd.o Local_arpack/zneigh.o Local_arpack/zneupd.o Local_arpack/zngets.o Local_arpack/zsortc.o Local_arpack/zstatn.o Paral_arpack/pcontext.o Paral_arpack/pdznorm2.o Paral_arpack/pzgetv0.o Paral_arpack/pzlarnv.o Paral_arpack/pznaitr.o Paral_arpack/pznapps.o Paral_arpack/pznaup2.o Paral_arpack/pznaupd.o Paral_arpack/pzneigh.o Paral_arpack/pzneupd.o Paral_arpack/pzngets.o Local_arpack_util/arscnd.o Local_arpack_util/cmout.o Local_arpack_util/cvout.o Local_arpack_util/dmout.o Local_arpack_util/dvout.o Local_arpack_util/icnteq.o Local_arpack_util/icopy.o Local_arpack_util/iset.o Local_arpack_util/iswap.o Local_arpack_util/ivout.o Local_arpack_util/smout.o Local_arpack_util/svout.o Local_arpack_util/zmout.o Local_arpack_util/zvout.o Paral_arpack_util/pcmout.o Paral_arpack_util/pcvout.o Paral_arpack_util/pdlamch10.o Paral_arpack_util/pdmout.o Paral_arpack_util/pdvout.o Paral_arpack_util/pivout.o Paral_arpack_util/psmout.o Paral_arpack_util/psvout.o Paral_arpack_util/pzmout.o Paral_arpack_util/pzvout.o Example/Local_ARPACK_TEST_EXAMPLES.o Example/Test_Case1.o Example/Test_Case2.o Example/Test_Case3.o Example/Test_Case4.o Example/Test_Case5.o Example/Test_Case6.o ARPACK_MINE.o DEBUG_MODULE.o PCONTEXT_MODULE.o STAT_MODULE.o /opt/intel/mkl/lib/intel64/libmkl_blas95_lp64.a /opt/intel/mkl/lib/intel64/libmkl_lapack95_lp64.a -L/opt/intel/mkl/lib/intel64 -lmkl_intel_lp64 -lmkl_intel_thread -lmkl_core -liomp5 -lpthread -lm -ldl -lstdc++ 
ar  cr Lib/myparpack.a Local_arpack/zgetv0.o Local_arpack/znaitr.o Local_arpack/znapps.o Local_arpack/znaup2.o Local_arpack/znaupd.o Local_arpack/zneigh.o Local_arpack/zneupd.o Local_arpack/zngets.o Local_arpack/zsortc.o Local_arpack/zstatn.o Paral_arpack/pcontext.o Paral_arpack/pdznorm2.o Paral_arpack/pzgetv0.o Paral_arpack/pzlarnv.o Paral_arpack/pznaitr.o Paral_arpack/pznapps.o Paral_arpack/pznaup2.o Paral_arpack/pznaupd.o Paral_arpack/pzneigh.o Paral_arpack/pzneupd.o Paral_arpack/pzngets.o Local_arpack_util/arscnd.o Local_arpack_util/cmout.o Local_arpack_util/cvout.o Local_arpack_util/dmout.o Local_arpack_util/dvout.o Local_arpack_util/icnteq.o Local_arpack_util/icopy.o Local_arpack_util/iset.o Local_arpack_util/iswap.o Local_arpack_util/ivout.o Local_arpack_util/smout.o Local_arpack_util/svout.o Local_arpack_util/zmout.o Local_arpack_util/zvout.o Paral_arpack_util/pcmout.o Paral_arpack_util/pcvout.o Paral_arpack_util/pdlamch10.o Paral_arpack_util/pdmout.o Paral_arpack_util/pdvout.o Paral_arpack_util/pivout.o Paral_arpack_util/psmout.o Paral_arpack_util/psvout.o Paral_arpack_util/pzmout.o Paral_arpack_util/pzvout.o DEBUG_MODULE.o PCONTEXT_MODULE.o STAT_MODULE.o
